{"/Users/itsmanojb/Works/react/react-assignment/src/components/AppNavbar.tsx": {"path":"/Users/itsmanojb/Works/react/react-assignment/src/components/AppNavbar.tsx","statementMap":{"0":{"start":{"line":40,"column":0},"end":{"line":40,"column":24}},"1":{"start":{"line":1,"column":0},"end":{"line":1,"column":53}},"2":{"start":{"line":2,"column":0},"end":{"line":2,"column":42}},"3":{"start":{"line":3,"column":0},"end":{"line":3,"column":36}},"4":{"start":{"line":4,"column":0},"end":{"line":4,"column":44}},"5":{"start":{"line":5,"column":0},"end":{"line":5,"column":50}},"6":{"start":{"line":6,"column":0},"end":{"line":6,"column":48}},"7":{"start":{"line":7,"column":0},"end":{"line":7,"column":40}},"8":{"start":{"line":8,"column":0},"end":{"line":8,"column":48}},"9":{"start":{"line":9,"column":0},"end":{"line":9,"column":52}},"10":{"start":{"line":10,"column":0},"end":{"line":10,"column":66}},"11":{"start":{"line":11,"column":0},"end":{"line":11,"column":56}},"12":{"start":{"line":12,"column":0},"end":{"line":12,"column":40}},"13":{"start":{"line":14,"column":15},"end":{"line":21,"column":3}},"14":{"start":{"line":14,"column":45},"end":{"line":21,"column":2}},"15":{"start":{"line":23,"column":26},"end":{"line":30,"column":3}},"16":{"start":{"line":23,"column":56},"end":{"line":30,"column":2}},"17":{"start":{"line":32,"column":24},"end":{"line":38,"column":3}},"18":{"start":{"line":32,"column":58},"end":{"line":38,"column":2}},"19":{"start":{"line":41,"column":2},"end":{"line":90,"column":4}},"20":{"start":{"line":48,"column":29},"end":{"line":48,"column":52}}},"fnMap":{"0":{"name":"(anonymous_1)","decl":{"start":{"line":14,"column":29},"end":{"line":14,"column":30}},"loc":{"start":{"line":14,"column":45},"end":{"line":21,"column":2}}},"1":{"name":"(anonymous_2)","decl":{"start":{"line":23,"column":40},"end":{"line":23,"column":41}},"loc":{"start":{"line":23,"column":56},"end":{"line":30,"column":2}}},"2":{"name":"(anonymous_3)","decl":{"start":{"line":32,"column":42},"end":{"line":32,"column":43}},"loc":{"start":{"line":32,"column":58},"end":{"line":38,"column":2}}},"3":{"name":"AppNavBar","decl":{"start":{"line":40,"column":24},"end":{"line":40,"column":33}},"loc":{"start":{"line":40,"column":33},"end":{"line":91,"column":1}}},"4":{"name":"(anonymous_5)","decl":{"start":{"line":48,"column":18},"end":{"line":48,"column":19}},"loc":{"start":{"line":48,"column":29},"end":{"line":48,"column":52}}}},"branchMap":{},"s":{"0":1,"1":1,"2":1,"3":1,"4":1,"5":1,"6":1,"7":1,"8":1,"9":1,"10":1,"11":1,"12":1,"13":1,"14":3,"15":1,"16":3,"17":1,"18":3,"19":3,"20":3},"f":{"0":3,"1":3,"2":3,"3":3,"4":3},"b":{}}
,"/Users/itsmanojb/Works/react/react-assignment/src/components/LoginRibbon.tsx": {"path":"/Users/itsmanojb/Works/react/react-assignment/src/components/LoginRibbon.tsx","statementMap":{"0":{"start":{"line":22,"column":0},"end":{"line":22,"column":24}},"1":{"start":{"line":1,"column":0},"end":{"line":1,"column":36}},"2":{"start":{"line":2,"column":0},"end":{"line":2,"column":46}},"3":{"start":{"line":4,"column":18},"end":{"line":13,"column":3}},"4":{"start":{"line":4,"column":48},"end":{"line":13,"column":2}},"5":{"start":{"line":15,"column":15},"end":{"line":20,"column":3}},"6":{"start":{"line":15,"column":45},"end":{"line":20,"column":2}},"7":{"start":{"line":23,"column":2},"end":{"line":38,"column":4}},"8":{"start":{"line":30,"column":27},"end":{"line":30,"column":50}}},"fnMap":{"0":{"name":"(anonymous_0)","decl":{"start":{"line":4,"column":32},"end":{"line":4,"column":33}},"loc":{"start":{"line":4,"column":48},"end":{"line":13,"column":2}}},"1":{"name":"(anonymous_1)","decl":{"start":{"line":15,"column":29},"end":{"line":15,"column":30}},"loc":{"start":{"line":15,"column":45},"end":{"line":20,"column":2}}},"2":{"name":"LoginRibbon","decl":{"start":{"line":22,"column":24},"end":{"line":22,"column":35}},"loc":{"start":{"line":22,"column":35},"end":{"line":39,"column":1}}},"3":{"name":"(anonymous_3)","decl":{"start":{"line":30,"column":16},"end":{"line":30,"column":17}},"loc":{"start":{"line":30,"column":27},"end":{"line":30,"column":50}}}},"branchMap":{},"s":{"0":2,"1":2,"2":2,"3":2,"4":6,"5":2,"6":6,"7":6,"8":3},"f":{"0":6,"1":6,"2":6,"3":3},"b":{}}
,"/Users/itsmanojb/Works/react/react-assignment/src/components/UsersTable.tsx": {"path":"/Users/itsmanojb/Works/react/react-assignment/src/components/UsersTable.tsx","statementMap":{"0":{"start":{"line":53,"column":0},"end":{"line":53,"column":24}},"1":{"start":{"line":1,"column":0},"end":{"line":1,"column":null}},"2":{"start":{"line":11,"column":0},"end":{"line":11,"column":74}},"3":{"start":{"line":12,"column":0},"end":{"line":12,"column":72}},"4":{"start":{"line":13,"column":0},"end":{"line":13,"column":75}},"5":{"start":{"line":14,"column":0},"end":{"line":14,"column":72}},"6":{"start":{"line":15,"column":0},"end":{"line":15,"column":52}},"7":{"start":{"line":16,"column":0},"end":{"line":16,"column":40}},"8":{"start":{"line":17,"column":0},"end":{"line":17,"column":48}},"9":{"start":{"line":18,"column":0},"end":{"line":18,"column":48}},"10":{"start":{"line":19,"column":0},"end":{"line":19,"column":58}},"11":{"start":{"line":20,"column":0},"end":{"line":20,"column":48}},"12":{"start":{"line":21,"column":0},"end":{"line":21,"column":46}},"13":{"start":{"line":22,"column":0},"end":{"line":22,"column":48}},"14":{"start":{"line":23,"column":0},"end":{"line":23,"column":41}},"15":{"start":{"line":24,"column":0},"end":{"line":24,"column":51}},"16":{"start":{"line":27,"column":15},"end":{"line":32,"column":3}},"17":{"start":{"line":27,"column":45},"end":{"line":32,"column":2}},"18":{"start":{"line":34,"column":26},"end":{"line":42,"column":3}},"19":{"start":{"line":34,"column":56},"end":{"line":42,"column":2}},"20":{"start":{"line":44,"column":24},"end":{"line":51,"column":3}},"21":{"start":{"line":44,"column":58},"end":{"line":51,"column":2}},"22":{"start":{"line":54,"column":25},"end":{"line":54,"column":40}},"23":{"start":{"line":56,"column":35},"end":{"line":56,"column":52}},"24":{"start":{"line":58,"column":2},"end":{"line":71,"column":3}},"25":{"start":{"line":59,"column":4},"end":{"line":70,"column":6}},"26":{"start":{"line":73,"column":2},"end":{"line":75,"column":3}},"27":{"start":{"line":74,"column":4},"end":{"line":74,"column":37}},"28":{"start":{"line":77,"column":2},"end":{"line":158,"column":11}},"29":{"start":{"line":108,"column":49},"end":{"line":108,"column":74}},"30":{"start":{"line":129,"column":14},"end":{"line":130,"column":null}},"31":{"start":{"line":144,"column":35},"end":{"line":144,"column":51}}},"fnMap":{"0":{"name":"(anonymous_1)","decl":{"start":{"line":27,"column":29},"end":{"line":27,"column":30}},"loc":{"start":{"line":27,"column":45},"end":{"line":32,"column":2}}},"1":{"name":"(anonymous_2)","decl":{"start":{"line":34,"column":40},"end":{"line":34,"column":41}},"loc":{"start":{"line":34,"column":56},"end":{"line":42,"column":2}}},"2":{"name":"(anonymous_3)","decl":{"start":{"line":44,"column":42},"end":{"line":44,"column":43}},"loc":{"start":{"line":44,"column":58},"end":{"line":51,"column":2}}},"3":{"name":"UsersTable","decl":{"start":{"line":53,"column":24},"end":{"line":53,"column":34}},"loc":{"start":{"line":53,"column":34},"end":{"line":159,"column":1}}},"4":{"name":"(anonymous_5)","decl":{"start":{"line":108,"column":31},"end":{"line":108,"column":32}},"loc":{"start":{"line":108,"column":49},"end":{"line":108,"column":74}}},"5":{"name":"(anonymous_6)","decl":{"start":{"line":128,"column":34},"end":{"line":128,"column":35}},"loc":{"start":{"line":129,"column":14},"end":{"line":130,"column":null}}},"6":{"name":"(anonymous_7)","decl":{"start":{"line":144,"column":29},"end":{"line":144,"column":32}},"loc":{"start":{"line":144,"column":35},"end":{"line":144,"column":51}}}},"branchMap":{"0":{"loc":{"start":{"line":58,"column":2},"end":{"line":71,"column":3}},"type":"if","locations":[{"start":{"line":58,"column":2},"end":{"line":71,"column":3}}]},"1":{"loc":{"start":{"line":73,"column":2},"end":{"line":75,"column":3}},"type":"if","locations":[{"start":{"line":73,"column":2},"end":{"line":75,"column":3}}]},"2":{"loc":{"start":{"line":77,"column":9},"end":{"line":158,"column":10}},"type":"cond-expr","locations":[{"start":{"line":78,"column":4},"end":{"line":156,"column":null}},{"start":{"line":158,"column":6},"end":{"line":158,"column":10}}]}},"s":{"0":1,"1":1,"2":1,"3":1,"4":1,"5":1,"6":1,"7":1,"8":1,"9":1,"10":1,"11":1,"12":1,"13":1,"14":1,"15":1,"16":1,"17":4,"18":1,"19":4,"20":1,"21":4,"22":6,"23":6,"24":6,"25":1,"26":5,"27":1,"28":4,"29":4,"30":2,"31":0},"f":{"0":4,"1":4,"2":4,"3":6,"4":4,"5":2,"6":0},"b":{"0":[1],"1":[1],"2":[4,0]}}
,"/Users/itsmanojb/Works/react/react-assignment/src/config/ThemeConfig.ts": {"path":"/Users/itsmanojb/Works/react/react-assignment/src/config/ThemeConfig.ts","statementMap":{"0":{"start":{"line":2,"column":0},"end":{"line":2,"column":51}},"1":{"start":{"line":13,"column":13},"end":{"line":42,"column":3}}},"fnMap":{},"branchMap":{},"s":{"0":3,"1":3},"f":{},"b":{}}
,"/Users/itsmanojb/Works/react/react-assignment/src/contexts/AppContext.tsx": {"path":"/Users/itsmanojb/Works/react/react-assignment/src/contexts/AppContext.tsx","statementMap":{"0":{"start":{"line":1,"column":0},"end":{"line":1,"column":55}},"1":{"start":{"line":9,"column":19},"end":{"line":12,"column":2}},"2":{"start":{"line":32,"column":29},"end":{"line":32,"column":39}},"3":{"start":{"line":14,"column":27},"end":{"line":30,"column":1}},"4":{"start":{"line":15,"column":42},"end":{"line":15,"column":69}},"5":{"start":{"line":17,"column":21},"end":{"line":19,"column":3}},"6":{"start":{"line":18,"column":4},"end":{"line":18,"column":26}},"7":{"start":{"line":21,"column":16},"end":{"line":23,"column":4}},"8":{"start":{"line":25,"column":2},"end":{"line":29,"column":4}},"9":{"start":{"line":32,"column":9},"end":{"line":32,"column":27}}},"fnMap":{"0":{"name":"(anonymous_0)","decl":{"start":{"line":11,"column":14},"end":{"line":11,"column":17}},"loc":{"start":{"line":11,"column":19},"end":{"line":11,"column":22}}},"1":{"name":"(anonymous_1)","decl":{"start":{"line":14,"column":27},"end":{"line":14,"column":28}},"loc":{"start":{"line":14,"column":75},"end":{"line":30,"column":1}}},"2":{"name":"(anonymous_2)","decl":{"start":{"line":17,"column":21},"end":{"line":17,"column":22}},"loc":{"start":{"line":17,"column":43},"end":{"line":19,"column":3}}}},"branchMap":{},"s":{"0":1,"1":1,"2":1,"3":1,"4":6,"5":6,"6":0,"7":6,"8":6,"9":1},"f":{"0":0,"1":6,"2":0},"b":{}}
,"/Users/itsmanojb/Works/react/react-assignment/src/pages/PageNotFound.tsx": {"path":"/Users/itsmanojb/Works/react/react-assignment/src/pages/PageNotFound.tsx","statementMap":{"0":{"start":{"line":3,"column":0},"end":{"line":3,"column":24}},"1":{"start":{"line":1,"column":0},"end":{"line":1,"column":36}},"2":{"start":{"line":4,"column":2},"end":{"line":8,"column":4}}},"fnMap":{"0":{"name":"PageNotFound","decl":{"start":{"line":3,"column":24},"end":{"line":3,"column":36}},"loc":{"start":{"line":3,"column":36},"end":{"line":9,"column":1}}}},"branchMap":{},"s":{"0":1,"1":1,"2":1},"f":{"0":1},"b":{}}
}
