TN:
SF:src/components/AppNavbar.tsx
FN:14,(anonymous_1)
FN:23,(anonymous_2)
FN:32,(anonymous_3)
FN:40,AppNavBar
FN:48,(anonymous_5)
FNF:5
FNH:5
FNDA:3,(anonymous_1)
FNDA:3,(anonymous_2)
FNDA:3,(anonymous_3)
FNDA:3,AppNavBar
FNDA:3,(anonymous_5)
DA:1,1
DA:2,1
DA:3,1
DA:4,1
DA:5,1
DA:6,1
DA:7,1
DA:8,1
DA:9,1
DA:10,1
DA:11,1
DA:12,1
DA:14,3
DA:23,3
DA:32,3
DA:40,1
DA:41,3
DA:48,3
LF:18
LH:18
BRF:0
BRH:0
end_of_record
TN:
SF:src/components/LoginRibbon.tsx
FN:4,(anonymous_0)
FN:15,(anonymous_1)
FN:22,LoginRibbon
FN:30,(anonymous_3)
FNF:4
FNH:4
FNDA:6,(anonymous_0)
FNDA:6,(anonymous_1)
FNDA:6,LoginRibbon
FNDA:3,(anonymous_3)
DA:1,2
DA:2,2
DA:4,6
DA:15,6
DA:22,2
DA:23,6
DA:30,3
LF:7
LH:7
BRF:0
BRH:0
end_of_record
TN:
SF:src/components/UsersTable.tsx
FN:27,(anonymous_1)
FN:34,(anonymous_2)
FN:44,(anonymous_3)
FN:53,UsersTable
FN:108,(anonymous_5)
FN:128,(anonymous_6)
FN:144,(anonymous_7)
FNF:7
FNH:6
FNDA:4,(anonymous_1)
FNDA:4,(anonymous_2)
FNDA:4,(anonymous_3)
FNDA:6,UsersTable
FNDA:4,(anonymous_5)
FNDA:2,(anonymous_6)
FNDA:0,(anonymous_7)
DA:1,1
DA:11,1
DA:12,1
DA:13,1
DA:14,1
DA:15,1
DA:16,1
DA:17,1
DA:18,1
DA:19,1
DA:20,1
DA:21,1
DA:22,1
DA:23,1
DA:24,1
DA:27,4
DA:34,4
DA:44,4
DA:53,1
DA:54,6
DA:56,6
DA:58,6
DA:59,1
DA:73,5
DA:74,1
DA:77,4
DA:108,4
DA:129,2
DA:144,0
LF:29
LH:28
BRDA:58,0,0,1
BRDA:73,1,0,1
BRDA:77,2,0,4
BRDA:77,2,1,0
BRF:4
BRH:3
end_of_record
TN:
SF:src/config/ThemeConfig.ts
FNF:0
FNH:0
DA:2,3
DA:13,3
LF:2
LH:2
BRF:0
BRH:0
end_of_record
TN:
SF:src/contexts/AppContext.tsx
FN:11,(anonymous_0)
FN:14,(anonymous_1)
FN:17,(anonymous_2)
FNF:3
FNH:1
FNDA:0,(anonymous_0)
FNDA:6,(anonymous_1)
FNDA:0,(anonymous_2)
DA:1,1
DA:9,1
DA:14,1
DA:15,6
DA:17,6
DA:18,0
DA:21,6
DA:25,6
DA:32,1
LF:9
LH:8
BRF:0
BRH:0
end_of_record
TN:
SF:src/pages/PageNotFound.tsx
FN:3,PageNotFound
FNF:1
FNH:1
FNDA:1,PageNotFound
DA:1,1
DA:3,1
DA:4,1
LF:3
LH:3
BRF:0
BRH:0
end_of_record
